<?xml version="1.0" encoding="UTF-8"?>
<!-- Generated by org.testng.reporters.JUnitXMLReporter -->
<testsuite hostname="dtl-mac1.dmodtl.ceif.hpc.mil" name="Surefire test" tests="3" failures="0" timestamp="21 Aug 2017 20:39:26 GMT" time="0.164" errors="0">
  <testcase name="echoToday" time="0.011" classname="com.consol.citrus.samples.SampleJavaIT"/>
  <testcase name="sayHello" time="0.002" classname="com.consol.citrus.samples.SampleJavaIT"/>
  <testcase name="sampleXml" time="0.138" classname="com.consol.citrus.samples.SampleXmlIT"/>
</testsuite> <!-- Surefire test -->
